[    0.000000] Linux version 4.15.0-212-generic (buildd@lcy02-amd64-083) (gcc version 7.5.0 (Ubuntu 7.5.0-3ubuntu1~18.04)) #223-Ubuntu SMP Tue May 23 13:09:22 UTC 2023 (Ubuntu 4.15.0-212.223-generic 4.15.18)
[    0.000000] Command line: BOOT_IMAGE=/boot/vmlinuz-4.15.0-212-generic root=LABEL=cloudimg-rootfs ro console=tty1 console=ttyS0
[    0.000000] KERNEL supported cpus:
[    0.000000]   Intel GenuineIntel
[    0.000000]   AMD AuthenticAMD
[    0.000000]   Centaur CentaurHauls
[    0.000000] x86/fpu: x87 FPU will use FXSAVE
[    0.000000] e820: BIOS-provided physical RAM map:
[    0.000000] BIOS-e820: [mem 0x0000000000000000-0x000000000009fbff] usable
[    0.000000] BIOS-e820: [mem 0x000000000009fc00-0x000000000009ffff] reserved
[    0.000000] BIOS-e820: [mem 0x00000000000f0000-0x00000000000fffff] reserved
[    0.000000] BIOS-e820: [mem 0x0000000000100000-0x000000007ffeffff] usable
[    0.000000] BIOS-e820: [mem 0x000000007fff0000-0x000000007fffffff] ACPI data
[    0.000000] BIOS-e820: [mem 0x00000000fec00000-0x00000000fec00fff] reserved
[    0.000000] BIOS-e820: [mem 0x00000000fee00000-0x00000000fee00fff] reserved
[    0.000000] BIOS-e820: [mem 0x00000000fffc0000-0x00000000ffffffff] reserved
[    0.000000] NX (Execute Disable) protection: active
[    0.000000] SMBIOS 2.5 present.
[    0.000000] DMI: innotek GmbH VirtualBox/VirtualBox, BIOS VirtualBox 12/01/2006
[    0.000000] Hypervisor detected: KVM
[    0.000000] e820: last_pfn = 0x7fff0 max_arch_pfn = 0x400000000
[    0.000000] MTRR: Disabled
[    0.000000] x86/PAT: MTRRs disabled, skipping PAT initialization too.
[    0.000000] CPU MTRRs all blank - virtualized system.
[    0.000000] x86/PAT: Configuration [0-7]: WB  WT  UC- UC  WB  WT  UC- UC  
[    0.000000] found SMP MP-table at [mem 0x0009fff0-0x0009ffff]
[    0.000000] Scanning 1 areas for low memory corruption
[    0.000000] RAMDISK: [mem 0x359cb000-0x36cdcfff]
[    0.000000] ACPI: Early table checksum verification disabled
[    0.000000] ACPI: RSDP 0x00000000000E0000 000024 (v02 VBOX  )
[    0.000000] ACPI: XSDT 0x000000007FFF0030 00003C (v01 VBOX   VBOXXSDT 00000001 ASL  00000061)
[    0.000000] ACPI: FACP 0x000000007FFF00F0 0000F4 (v04 VBOX   VBOXFACP 00000001 ASL  00000061)
[    0.000000] ACPI: DSDT 0x000000007FFF0610 002353 (v02 VBOX   VBOXBIOS 00000002 INTL 20100528)
[    0.000000] ACPI: FACS 0x000000007FFF0200 000040
[    0.000000] ACPI: FACS 0x000000007FFF0200 000040
[    0.000000] ACPI: APIC 0x000000007FFF0240 00005C (v02 VBOX   VBOXAPIC 00000001 ASL  00000061)
[    0.000000] ACPI: SSDT 0x000000007FFF02A0 00036C (v01 VBOX   VBOXCPUT 00000002 INTL 20100528)
[    0.000000] ACPI: Reserving FACP table memory at [mem 0x7fff00f0-0x7fff01e3]
[    0.000000] ACPI: Reserving DSDT table memory at [mem 0x7fff0610-0x7fff2962]
[    0.000000] ACPI: Reserving FACS table memory at [mem 0x7fff0200-0x7fff023f]
[    0.000000] ACPI: Reserving FACS table memory at [mem 0x7fff0200-0x7fff023f]
[    0.000000] ACPI: Reserving APIC table memory at [mem 0x7fff0240-0x7fff029b]
[    0.000000] ACPI: Reserving SSDT table memory at [mem 0x7fff02a0-0x7fff060b]
[    0.000000] No NUMA configuration found
[    0.000000] Faking a node at [mem 0x0000000000000000-0x000000007ffeffff]
[    0.000000] NODE_DATA(0) allocated [mem 0x7ffc5000-0x7ffeffff]
[    0.000000] kvm-clock: cpu 0, msr 0:7ff44001, primary cpu clock
[    0.000000] kvm-clock: Using msrs 4b564d01 and 4b564d00
[    0.000000] kvm-clock: using sched offset of 6122059126 cycles
[    0.000000] clocksource: kvm-clock: mask: 0xffffffffffffffff max_cycles: 0x1cd42e4dffb, max_idle_ns: 881590591483 ns
[    0.000000] Zone ranges:
[    0.000000]   DMA      [mem 0x0000000000001000-0x0000000000ffffff]
[    0.000000]   DMA32    [mem 0x0000000001000000-0x000000007ffeffff]
[    0.000000]   Normal   empty
[    0.000000]   Device   empty
[    0.000000] Movable zone start for each node
[    0.000000] Early memory node ranges
[    0.000000]   node   0: [mem 0x0000000000001000-0x000000000009efff]
[    0.000000]   node   0: [mem 0x0000000000100000-0x000000007ffeffff]
[    0.000000] Reserved but unavailable: 104 pages
[    0.000000] Initmem setup node 0 [mem 0x0000000000001000-0x000000007ffeffff]
[    0.000000] ACPI: PM-Timer IO Port: 0x4008
[    0.000000] IOAPIC[0]: apic_id 2, version 32, address 0xfec00000, GSI 0-23
[    0.000000] ACPI: INT_SRC_OVR (bus 0 bus_irq 0 global_irq 2 dfl dfl)
[    0.000000] ACPI: INT_SRC_OVR (bus 0 bus_irq 9 global_irq 9 low level)
[    0.000000] Using ACPI (MADT) for SMP configuration information
[    0.000000] smpboot: Allowing 2 CPUs, 0 hotplug CPUs
[    0.000000] PM: Registered nosave memory: [mem 0x00000000-0x00000fff]
[    0.000000] PM: Registered nosave memory: [mem 0x0009f000-0x0009ffff]
[    0.000000] PM: Registered nosave memory: [mem 0x000a0000-0x000effff]
[    0.000000] PM: Registered nosave memory: [mem 0x000f0000-0x000fffff]
[    0.000000] e820: [mem 0x80000000-0xfebfffff] available for PCI devices
[    0.000000] Booting paravirtualized kernel on KVM
[    0.000000] clocksource: refined-jiffies: mask: 0xffffffff max_cycles: 0xffffffff, max_idle_ns: 7645519600211568 ns
[    0.000000] setup_percpu: NR_CPUS:8192 nr_cpumask_bits:2 nr_cpu_ids:2 nr_node_ids:1
[    0.000000] percpu: Embedded 50 pages/cpu s167936 r8192 d28672 u1048576
[    0.000000] PV qspinlock hash table entries: 256 (order: 0, 4096 bytes)
[    0.000000] Built 1 zonelists, mobility grouping on.  Total pages: 515961
[    0.000000] Policy zone: DMA32
[    0.000000] Kernel command line: BOOT_IMAGE=/boot/vmlinuz-4.15.0-212-generic root=LABEL=cloudimg-rootfs ro console=tty1 console=ttyS0
[    0.000000] Memory: 2014836K/2096696K available (12300K kernel code, 2477K rwdata, 4324K rodata, 2480K init, 2720K bss, 81860K reserved, 0K cma-reserved)
[    0.000000] SLUB: HWalign=64, Order=0-3, MinObjects=0, CPUs=2, Nodes=1
[    0.000000] ftrace: allocating 39508 entries in 155 pages
[    0.004000] Hierarchical RCU implementation.
[    0.004000] 	RCU restricting CPUs from NR_CPUS=8192 to nr_cpu_ids=2.
[    0.004000] 	Tasks RCU enabled.
[    0.004000] RCU: Adjusting geometry for rcu_fanout_leaf=16, nr_cpu_ids=2
[    0.004000] NR_IRQS: 524544, nr_irqs: 440, preallocated irqs: 16
[    0.004000] random: crng init done
[    0.004000] Console: colour VGA+ 80x25
[    0.004000] console [tty1] enabled
[    0.004000] console [ttyS0] enabled
[    0.004000] ACPI: Core revision 20170831
[    0.004000] ACPI: 2 ACPI AML tables successfully acquired and loaded
[    0.004000] APIC: Switch to symmetric I/O mode setup
[    0.004000] ..TIMER: vector=0x30 apic1=0 pin1=2 apic2=-1 pin2=-1
[    0.004014] tsc: Detected 3302.414 MHz processor
[    0.008065] Calibrating delay loop (skipped) preset value.. 6604.82 BogoMIPS (lpj=13209656)
[    0.012009] pid_max: default: 32768 minimum: 301
[    0.016228] Security Framework initialized
[    0.020011] Yama: becoming mindful.
[    0.028017] AppArmor: AppArmor initialized
[    0.056876] Dentry cache hash table entries: 262144 (order: 9, 2097152 bytes)
[    0.074362] Inode-cache hash table entries: 131072 (order: 8, 1048576 bytes)
[    0.076397] Mount-cache hash table entries: 4096 (order: 3, 32768 bytes)
[    0.080365] Mountpoint-cache hash table entries: 4096 (order: 3, 32768 bytes)
[    0.091891] Last level iTLB entries: 4KB 0, 2MB 0, 4MB 0
[    0.092010] Last level dTLB entries: 4KB 0, 2MB 0, 4MB 0, 1GB 0
[    0.096013] Spectre V1 : Mitigation: usercopy/swapgs barriers and __user pointer sanitization
[    0.100015] Spectre V2 : Mitigation: Enhanced IBRS
[    0.104010] Spectre V2 : Spectre v2 / SpectreRSB mitigation: Filling RSB on context switch
[    0.108016] Spectre V2 : Spectre v2 / PBRSB-eIBRS: Retire a single CALL on VMEXIT
[    0.112016] RETBleed: Mitigation: Enhanced IBRS
[    0.116014] Speculative Store Bypass: Vulnerable
[    0.120513] Freeing SMP alternatives memory: 36K
[    0.248453] APIC calibration not consistent with PM-Timer: 104ms instead of 100ms
[    0.252000] APIC delta adjusted to PM-Timer: 6274256 (6536950)
[    0.252532] smpboot: CPU0: 11th Gen Intel(R) Core(TM) i7-11370H @ 3.30GHz (family: 0x6, model: 0x8c, stepping: 0x1)
[    0.260588] Performance Events: unsupported p6 CPU model 140 no PMU driver, software events only.
[    0.264222] Hierarchical SRCU implementation.
[    0.273519] NMI watchdog: Perf event create on CPU 0 failed with -2
[    0.276010] NMI watchdog: Perf NMI watchdog permanently disabled
[    0.285006] smp: Bringing up secondary CPUs ...
[    0.292233] x86: Booting SMP configuration:
[    0.296009] .... node  #0, CPUs:      #1
[    0.004000] kvm-clock: cpu 1, msr 0:7ff44041, secondary cpu clock
[    0.328000] TSC synchronization [CPU#0 -> CPU#1]:
[    0.328000] Measured 313871 cycles TSC warp between CPUs, turning off TSC clock.
[    0.328000] tsc: Marking TSC unstable due to check_tsc_sync_source failed
[    0.332779] smp: Brought up 1 node, 2 CPUs
[    0.336017] smpboot: Max logical packages: 1
[    0.344015] smpboot: Total of 2 processors activated (13209.65 BogoMIPS)
[    0.356227] devtmpfs: initialized
[    0.360433] x86/mm: Memory block size: 128MB
[    0.365773] evm: security.selinux
[    0.368009] evm: security.SMACK64
[    0.372010] evm: security.SMACK64EXEC
[    0.376012] evm: security.SMACK64TRANSMUTE
[    0.380008] evm: security.SMACK64MMAP
[    0.384010] evm: security.apparmor
[    0.388008] evm: security.ima
[    0.392007] evm: security.capability
[    0.404317] clocksource: jiffies: mask: 0xffffffff max_cycles: 0xffffffff, max_idle_ns: 7645041785100000 ns
[    0.408030] futex hash table entries: 512 (order: 3, 32768 bytes)
[    0.412558] pinctrl core: initialized pinctrl subsystem
[    0.421865] RTC time: 13:54:52, date: 05/10/25
[    0.432008] NET: Registered protocol family 16
[    0.436982] audit: initializing netlink subsys (disabled)
[    0.444317] audit: type=2000 audit(1746885298.505:1): state=initialized audit_enabled=0 res=1
[    0.476027] cpuidle: using governor ladder
[    0.480033] cpuidle: using governor menu
[    0.484063] ACPI: bus type PCI registered
[    0.488010] acpiphp: ACPI Hot Plug PCI Controller Driver version: 0.5
[    0.493755] PCI: Using configuration type 1 for base access
[    0.512359] HugeTLB registered 2.00 MiB page size, pre-allocated 0 pages
[    0.532123] ACPI: Added _OSI(Module Device)
[    0.536008] ACPI: Added _OSI(Processor Device)
[    0.540014] ACPI: Added _OSI(3.0 _SCP Extensions)
[    0.544006] ACPI: Added _OSI(Processor Aggregator Device)
[    0.548014] ACPI: Added _OSI(Linux-Dell-Video)
[    0.552017] ACPI: Added _OSI(Linux-Lenovo-NV-HDMI-Audio)
[    0.556012] ACPI: Added _OSI(Linux-HPI-Hybrid-Graphics)
[    0.564151] ACPI: Executed 1 blocks of module-level executable AML code
[    0.585847] ACPI: Interpreter enabled
[    0.588051] ACPI: (supports S0 S5)
[    0.592011] ACPI: Using IOAPIC for interrupt routing
[    0.597157] PCI: Using host bridge windows from ACPI; if necessary, use "pci=nocrs" and report a bug
[    0.601003] ACPI: Enabled 2 GPEs in block 00 to 07
[    0.644237] ACPI: PCI Root Bridge [PCI0] (domain 0000 [bus 00-ff])
[    0.648024] acpi PNP0A03:00: _OSC: OS supports [ASPM ClockPM Segments MSI]
[    0.654283] acpi PNP0A03:00: _OSC: not requesting OS control; OS requires [ExtendedConfig ASPM ClockPM MSI]
[    0.656052] acpi PNP0A03:00: fail to add MMCONFIG information, can't access extended PCI configuration space under this bridge.
[    0.662238] PCI host bridge to bus 0000:00
[    0.664009] pci_bus 0000:00: root bus resource [io  0x0000-0x0cf7 window]
[    0.668022] pci_bus 0000:00: root bus resource [io  0x0d00-0xffff window]
[    0.672016] pci_bus 0000:00: root bus resource [mem 0x000a0000-0x000bffff window]
[    0.676015] pci_bus 0000:00: root bus resource [mem 0x80000000-0xfdffffff window]
[    0.680018] pci_bus 0000:00: root bus resource [bus 00-ff]
[    0.710071] pci 0000:00:01.1: legacy IDE quirk: reg 0x10: [io  0x01f0-0x01f7]
[    0.712014] pci 0000:00:01.1: legacy IDE quirk: reg 0x14: [io  0x03f6]
[    0.716012] pci 0000:00:01.1: legacy IDE quirk: reg 0x18: [io  0x0170-0x0177]
[    0.720011] pci 0000:00:01.1: legacy IDE quirk: reg 0x1c: [io  0x0376]
[    0.828415] pci 0000:00:07.0: quirk: [io  0x4000-0x403f] claimed by PIIX4 ACPI
[    0.832130] pci 0000:00:07.0: quirk: [io  0x4100-0x410f] claimed by PIIX4 SMB
[    0.850872] ACPI: PCI Interrupt Link [LNKA] (IRQs 5 9 10 *11)
[    0.852917] ACPI: PCI Interrupt Link [LNKB] (IRQs 5 9 *10 11)
[    0.856391] ACPI: PCI Interrupt Link [LNKC] (IRQs 5 *9 10 11)
[    0.860738] ACPI: PCI Interrupt Link [LNKD] (IRQs 5 9 10 *11)
[    0.868802] SCSI subsystem initialized
[    0.876648] pci 0000:00:02.0: vgaarb: setting as boot VGA device
[    0.880000] pci 0000:00:02.0: vgaarb: VGA device added: decodes=io+mem,owns=io+mem,locks=none
[    0.880017] pci 0000:00:02.0: vgaarb: bridge control possible
[    0.884008] vgaarb: loaded
[    0.888260] ACPI: bus type USB registered
[    0.892055] usbcore: registered new interface driver usbfs
[    0.896080] usbcore: registered new interface driver hub
[    0.900120] usbcore: registered new device driver usb
[    0.904654] EDAC MC: Ver: 3.0.0
[    0.920549] PCI: Using ACPI for IRQ routing
[    0.929245] NetLabel: Initializing
[    0.932013] NetLabel:  domain hash size = 128
[    0.936010] NetLabel:  protocols = UNLABELED CIPSOv4 CALIPSO
[    0.940081] NetLabel:  unlabeled traffic allowed by default
[    0.949295] clocksource: Switched to clocksource kvm-clock
[    1.013558] VFS: Disk quotas dquot_6.6.0
[    1.013558] VFS: Dquot-cache hash table entries: 512 (order 0, 4096 bytes)
[    1.013558] AppArmor: AppArmor Filesystem Enabled
[    1.013558] pnp: PnP ACPI init
[    1.013558] pnp: PnP ACPI: found 3 devices
[    1.280667] clocksource: acpi_pm: mask: 0xffffff max_cycles: 0xffffff, max_idle_ns: 2085701024 ns
[    1.302159] NET: Registered protocol family 2
[    1.305879] IP idents hash table entries: 32768 (order: 6, 262144 bytes)
[    1.341068] TCP established hash table entries: 16384 (order: 5, 131072 bytes)
[    1.362024] TCP bind hash table entries: 16384 (order: 6, 262144 bytes)
[    1.379120] TCP: Hash tables configured (established 16384 bind 16384)
[    1.394669] UDP hash table entries: 1024 (order: 3, 32768 bytes)
[    1.410601] UDP-Lite hash table entries: 1024 (order: 3, 32768 bytes)
[    1.424338] NET: Registered protocol family 1
[    1.436671] pci 0000:00:00.0: Limiting direct PCI/PCI transfers
[    1.452723] pci 0000:00:01.0: Activating ISA DMA hang workarounds
[    1.469560] pci 0000:00:02.0: Video device with shadowed ROM at [mem 0x000c0000-0x000dffff]
[    1.493070] Unpacking initramfs...
[    1.548920] Freeing initrd memory: 19528K
[    2.894735] clocksource: tsc: mask: 0xffffffffffffffff max_cycles: 0x2f9a34adf93, max_idle_ns: 440795340895 ns
[    2.924765] platform rtc_cmos: registered platform RTC device (no PNP device found)
[    2.954169] Scanning for low memory corruption every 60 seconds
[    2.981548] Initialise system trusted keyrings
[    2.999422] Key type blacklist registered
[    3.017298] workingset: timestamp_bits=36 max_order=19 bucket_order=0
[    3.033161] zbud: loaded
[    3.044308] squashfs: version 4.0 (2009/01/31) Phillip Lougher
[    3.057605] fuse init (API version 7.26)
[    3.110479] Key type asymmetric registered
[    3.127302] Asymmetric key parser 'x509' registered
[    3.144505] Block layer SCSI generic (bsg) driver version 0.4 loaded (major 246)
[    3.173126] io scheduler noop registered
[    3.187350] io scheduler deadline registered
[    3.201742] io scheduler cfq registered (default)
[    3.218718] ACPI: AC Adapter [AC] (off-line)
[    3.231449] input: Power Button as /devices/LNXSYSTM:00/LNXPWRBN:00/input/input0
[    3.250312] ACPI: Power Button [PWRF]
[    3.260702] input: Sleep Button as /devices/LNXSYSTM:00/LNXSLPBN:00/input/input1
[    3.275941] ACPI: Sleep Button [SLPF]
[    3.287631] Serial: 8250/16550 driver, 32 ports, IRQ sharing enabled
[    3.291930] ACPI: Battery Slot [BAT0] (battery present)
[    3.369217] 00:02: ttyS0 at I/O 0x3f8 (irq = 4, base_baud = 115200) is a 16550A
[    3.400754] Linux agpgart interface v0.103
[    3.433692] loop: module loaded
[    3.458874] scsi host0: ata_piix
[    3.475585] scsi host1: ata_piix
[    3.485566] ata1: PATA max UDMA/33 cmd 0x1f0 ctl 0x3f6 bmdma 0xd000 irq 14
[    3.504955] ata2: PATA max UDMA/33 cmd 0x170 ctl 0x376 bmdma 0xd008 irq 15
[    3.525218] tun: Universal TUN/TAP device driver, 1.6
[    3.539205] PPP generic driver version 2.4.2
[    3.547397] ehci_hcd: USB 2.0 'Enhanced' Host Controller (EHCI) Driver
[    3.562208] ehci-pci: EHCI PCI platform driver
[    3.573023] ehci-platform: EHCI generic platform driver
[    3.584798] ohci_hcd: USB 1.1 'Open' Host Controller (OHCI) Driver
[    3.598351] ohci-pci: OHCI PCI platform driver
[    3.614243] ohci-platform: OHCI generic platform driver
[    3.628750] uhci_hcd: USB Universal Host Controller Interface driver
[    3.646004] i8042: PNP: PS/2 Controller [PNP0303:PS2K,PNP0f03:PS2M] at 0x60,0x64 irq 1,12
[    3.677967] serio: i8042 KBD port at 0x60,0x64 irq 1
[    3.692495] serio: i8042 AUX port at 0x60,0x64 irq 12
[    3.816538] mousedev: PS/2 mouse device common for all mice
[    3.839501] rtc_cmos rtc_cmos: rtc core: registered rtc_cmos as rtc0
[    3.839497] input: AT Translated Set 2 keyboard as /devices/platform/i8042/serio0/input/input2
[    3.856611] rtc_cmos rtc_cmos: alarms up to one day, 114 bytes nvram
[    3.891631] i2c /dev entries driver
[    3.902909] device-mapper: uevent: version 1.0.3
[    3.916040] device-mapper: ioctl: 4.37.0-ioctl (2017-09-20) initialised: dm-devel@redhat.com
[    3.941000] ledtrig-cpu: registered to indicate activity on CPUs
[    3.965802] NET: Registered protocol family 10
[    4.010252] Segment Routing with IPv6
[    4.020110] NET: Registered protocol family 17
[    4.030215] Key type dns_resolver registered
[    4.042578] mce: Using 0 MCE banks
[    4.049758] RAS: Correctable Errors collector initialized.
[    4.062211] sched_clock: Marking stable (4062146665, 0)->(6962471830, -2900325165)
[    4.086624] registered taskstats version 1
[    4.093664] Loading compiled-in X.509 certificates
[    4.128953] Loaded X.509 cert 'Build time autogenerated kernel key: b5b26778eaa3ab3a4a6cee031137706e947d12ad'
[    4.168388] Loaded X.509 cert 'Canonical Ltd. Live Patch Signing: 14df34d1a87cf37625abec039ef2bf521249b969'
[    4.202252] Loaded X.509 cert 'Canonical Ltd. Kernel Module Signing: 88f752e560a1e0737e31163a466ad7b70a850c19'
[    4.218611] blacklist: Loading compiled-in revocation X.509 certificates
[    4.229914] Loaded X.509 cert 'Canonical Ltd. Secure Boot Signing: 61482aa2830d0ab2ad5af10b7250da9033ddcef0'
[    4.240364] Loaded X.509 cert 'Canonical Ltd. Secure Boot Signing (2017): 242ade75ac4a15e50d50c84b0d45ff3eae707a03'
[    4.256899] Loaded X.509 cert 'Canonical Ltd. Secure Boot Signing (ESM 2018): 365188c1d374d6b07c3c8f240f8ef722433d6a8b'
[    4.281169] Loaded X.509 cert 'Canonical Ltd. Secure Boot Signing (2019): c0746fd6c5da3ae827864651ad66ae47fe24b3e8'
[    4.309107] Loaded X.509 cert 'Canonical Ltd. Secure Boot Signing (2021 v1): a8d54bbb3825cfb94fa13c9f8a594a195c107b8d'
[    4.340366] Loaded X.509 cert 'Canonical Ltd. Secure Boot Signing (2021 v2): 4cf046892d6fd3c9a5b03f98d845f90851dc6a8c'
[    4.371505] Loaded X.509 cert 'Canonical Ltd. Secure Boot Signing (2021 v3): 100437bb6de6e469b581e61cd66bce3ef4ed53af'
[    4.403713] Loaded X.509 cert 'Canonical Ltd. Secure Boot Signing (Ubuntu Core 2019): c1d57b8f6b743f23ee41f4f7ee292f06eecadfb9'
[    4.433638] zswap: loaded using pool lzo/zbud
[    4.481073] Key type big_key registered
[    4.491315] Key type trusted registered
[    4.517571] Key type encrypted registered
[    4.529099] AppArmor: AppArmor sha1 policy hashing enabled
[    4.544780] ima: No TPM chip found, activating TPM-bypass! (rc=-19)
[    4.564899] ima: Allocated hash algorithm: sha1
[    4.580385] evm: HMAC attrs: 0x1
[    4.591360]   Magic number: 9:15:938
[    4.604903] rtc_cmos rtc_cmos: setting system clock to 2025-05-10 13:54:57 UTC (1746885297)
[    4.629884] BIOS EDD facility v0.16 2004-Jun-25, 0 devices found
[    4.644587] EDD information not available.
[    4.666410] Freeing unused kernel image memory: 2480K
[    4.712268] Write protecting the kernel read-only data: 20480k
[    4.732823] Freeing unused kernel image memory: 2008K
[    4.749094] Freeing unused kernel image memory: 1820K
[    4.780415] x86/mm: Checked W+X mappings: passed, no W+X pages found.
Loading, please wait...
starting version 237
[    5.144034] Fusion MPT base driver 3.04.20
[    5.159811] Copyright (c) 1999-2008 LSI Corporation
[    5.203783] e1000: Intel(R) PRO/1000 Network Driver - version 7.3.21-k8-NAPI
[    5.227422] e1000: Copyright (c) 1999-2006 Intel Corporation.
[    5.418513] Fusion MPT SPI Host driver 3.04.20
[    5.437924] SSE version of gcm_enc/dec engaged.
[    5.593445] input: ImExPS/2 Generic Explorer Mouse as /devices/platform/i8042/serio1/input/input4
[    6.826761] e1000 0000:00:03.0 eth0: (PCI:33MHz:32-bit) 02:3b:7b:b7:3b:2d
[    6.838967] e1000 0000:00:03.0 eth0: Intel(R) PRO/1000 Network Connection
[    6.861141] mptbase: ioc0: Initiating bringup
[    6.864657] e1000 0000:00:03.0 enp0s3: renamed from eth0
[    7.002359] ioc0: LSI53C1030 A0: Capabilities={Initiator}
[    8.214087] scsi host2: ioc0: LSI53C1030 A0, FwRev=00000000h, Ports=1, MaxQ=256, IRQ=20
[    8.568710] scsi 2:0:0:0: Direct-Access     VBOX     HARDDISK         1.0  PQ: 0 ANSI: 5
[    8.620699] scsi target2:0:0: Beginning Domain Validation
[    8.656202] scsi target2:0:0: Domain Validation skipping write tests
[    8.671848] scsi target2:0:0: Ending Domain Validation
[    8.680731] scsi target2:0:0: asynchronous
[    8.696763] scsi 2:0:1:0: Direct-Access     VBOX     HARDDISK         1.0  PQ: 0 ANSI: 5
[    8.744536] scsi target2:0:1: Beginning Domain Validation
[    8.779594] scsi target2:0:1: Domain Validation skipping write tests
[    8.793793] scsi target2:0:1: Ending Domain Validation
[    8.807361] scsi target2:0:1: asynchronous
[    8.863508] sd 2:0:0:0: Attached scsi generic sg0 type 0
[    8.866988] sd 2:0:0:0: [sda] 83886080 512-byte logical blocks: (42.9 GB/40.0 GiB)
[    8.881805] sd 2:0:1:0: Attached scsi generic sg1 type 0
[    8.894945] sd 2:0:0:0: [sda] Write Protect is off
[    8.914687] sd 2:0:0:0: [sda] Incomplete mode parameter data
[    8.922338] sd 2:0:0:0: [sda] Assuming drive cache: write through
[    8.922509] sd 2:0:1:0: [sdb] 20480 512-byte logical blocks: (10.5 MB/10.0 MiB)
[    8.961315] sd 2:0:1:0: [sdb] Write Protect is off
[    8.972617]  sda: sda1
[    8.990205] sd 2:0:1:0: [sdb] Incomplete mode parameter data
[    8.998383] sd 2:0:0:0: [sda] Attached SCSI disk
[    9.012097] sd 2:0:1:0: [sdb] Assuming drive cache: write through
[    9.076920] sd 2:0:1:0: [sdb] Attached SCSI disk
Begin: Loading essential drivers ... 